{"D:\\STUDY\\rrc-polytech\\Term 3\\Backend Development\\Module-4\\assignment\\src\\app.ts": {"path":"D:\\STUDY\\rrc-polytech\\Term 3\\Backend Development\\Module-4\\assignment\\src\\app.ts","statementMap":{"0":{"start":{"line":1,"column":0},"end":{"line":1,"column":43}},"1":{"start":{"line":2,"column":0},"end":{"line":2,"column":52}},"2":{"start":{"line":3,"column":0},"end":{"line":3,"column":52}},"3":{"start":{"line":4,"column":0},"end":{"line":4,"column":52}},"4":{"start":{"line":5,"column":0},"end":{"line":5,"column":54}},"5":{"start":{"line":6,"column":0},"end":{"line":6,"column":60}},"6":{"start":{"line":7,"column":0},"end":{"line":7,"column":60}},"7":{"start":{"line":8,"column":0},"end":{"line":8,"column":null}},"8":{"start":{"line":14,"column":21},"end":{"line":14,"column":30}},"9":{"start":{"line":17,"column":0},"end":{"line":24,"column":1}},"10":{"start":{"line":19,"column":4},"end":{"line":19,"column":26}},"11":{"start":{"line":20,"column":4},"end":{"line":20,"column":25}},"12":{"start":{"line":23,"column":4},"end":{"line":23,"column":27}},"13":{"start":{"line":26,"column":0},"end":{"line":26,"column":24}},"14":{"start":{"line":28,"column":0},"end":{"line":28,"column":51}},"15":{"start":{"line":29,"column":0},"end":{"line":29,"column":36}},"16":{"start":{"line":30,"column":0},"end":{"line":30,"column":51}},"17":{"start":{"line":31,"column":0},"end":{"line":31,"column":52}},"18":{"start":{"line":33,"column":0},"end":{"line":40,"column":3}},"19":{"start":{"line":34,"column":4},"end":{"line":39,"column":7}},"20":{"start":{"line":42,"column":0},"end":{"line":44,"column":3}},"21":{"start":{"line":43,"column":4},"end":{"line":43,"column":30}},"22":{"start":{"line":46,"column":0},"end":{"line":46,"column":22}},"23":{"start":{"line":48,"column":0},"end":{"line":48,"column":19}}},"fnMap":{"0":{"name":"(anonymous_1)","decl":{"start":{"line":33,"column":26},"end":{"line":33,"column":27}},"loc":{"start":{"line":33,"column":40},"end":{"line":40,"column":1}}},"1":{"name":"(anonymous_2)","decl":{"start":{"line":42,"column":13},"end":{"line":42,"column":14}},"loc":{"start":{"line":42,"column":26},"end":{"line":44,"column":1}}}},"branchMap":{"0":{"loc":{"start":{"line":17,"column":0},"end":{"line":24,"column":1}},"type":"if","locations":[{"start":{"line":17,"column":0},"end":{"line":24,"column":1}},{"start":{"line":21,"column":7},"end":{"line":24,"column":1}}]}},"s":{"0":0,"1":0,"2":0,"3":0,"4":0,"5":0,"6":0,"7":0,"8":0,"9":0,"10":0,"11":0,"12":0,"13":0,"14":0,"15":0,"16":0,"17":0,"18":0,"19":0,"20":0,"21":0,"22":0,"23":0},"f":{"0":0,"1":0},"b":{"0":[0,0]}}
,"D:\\STUDY\\rrc-polytech\\Term 3\\Backend Development\\Module-4\\assignment\\src\\api\\v1\\controllers\\adminController.ts": {"path":"D:\\STUDY\\rrc-polytech\\Term 3\\Backend Development\\Module-4\\assignment\\src\\api\\v1\\controllers\\adminController.ts","statementMap":{"0":{"start":{"line":2,"column":0},"end":{"line":2,"column":54}},"1":{"start":{"line":3,"column":0},"end":{"line":3,"column":58}},"2":{"start":{"line":5,"column":11},"end":{"line":5,"column":14}},"3":{"start":{"line":7,"column":31},"end":{"line":22,"column":2}},"4":{"start":{"line":11,"column":19},"end":{"line":22,"column":2}},"5":{"start":{"line":12,"column":28},"end":{"line":12,"column":36}},"6":{"start":{"line":14,"column":4},"end":{"line":21,"column":5}},"7":{"start":{"line":15,"column":8},"end":{"line":15,"column":52}},"8":{"start":{"line":16,"column":8},"end":{"line":18,"column":10}},"9":{"start":{"line":20,"column":8},"end":{"line":20,"column":20}},"10":{"start":{"line":7,"column":13},"end":{"line":7,"column":31}}},"fnMap":{"0":{"name":"(anonymous_7)","decl":{"start":{"line":7,"column":31},"end":{"line":7,"column":null}},"loc":{"start":{"line":11,"column":19},"end":{"line":22,"column":2}}},"1":{"name":"(anonymous_8)","decl":{"start":{"line":11,"column":19},"end":{"line":11,"column":null}},"loc":{"start":{"line":11,"column":19},"end":{"line":22,"column":1}}}},"branchMap":{},"s":{"0":0,"1":0,"2":0,"3":0,"4":0,"5":0,"6":0,"7":0,"8":0,"9":0,"10":0},"f":{"0":0,"1":0},"b":{}}
,"D:\\STUDY\\rrc-polytech\\Term 3\\Backend Development\\Module-4\\assignment\\src\\api\\v1\\controllers\\authController.ts": {"path":"D:\\STUDY\\rrc-polytech\\Term 3\\Backend Development\\Module-4\\assignment\\src\\api\\v1\\controllers\\authController.ts","statementMap":{"0":{"start":{"line":2,"column":0},"end":{"line":2,"column":72}},"1":{"start":{"line":10,"column":22},"end":{"line":10,"column":35}},"2":{"start":{"line":12,"column":31},"end":{"line":28,"column":2}},"3":{"start":{"line":30,"column":22},"end":{"line":67,"column":2}},"4":{"start":{"line":34,"column":19},"end":{"line":67,"column":2}},"5":{"start":{"line":35,"column":32},"end":{"line":35,"column":null}},"6":{"start":{"line":40,"column":4},"end":{"line":47,"column":5}},"7":{"start":{"line":41,"column":8},"end":{"line":46,"column":10}},"8":{"start":{"line":49,"column":21},"end":{"line":49,"column":68}},"9":{"start":{"line":49,"column":47},"end":{"line":49,"column":67}},"10":{"start":{"line":51,"column":4},"end":{"line":58,"column":5}},"11":{"start":{"line":52,"column":8},"end":{"line":57,"column":10}},"12":{"start":{"line":60,"column":4},"end":{"line":66,"column":7}},"13":{"start":{"line":30,"column":13},"end":{"line":30,"column":22}}},"fnMap":{"0":{"name":"(anonymous_7)","decl":{"start":{"line":30,"column":22},"end":{"line":30,"column":null}},"loc":{"start":{"line":34,"column":19},"end":{"line":67,"column":2}}},"1":{"name":"(anonymous_8)","decl":{"start":{"line":34,"column":19},"end":{"line":34,"column":null}},"loc":{"start":{"line":34,"column":19},"end":{"line":67,"column":1}}},"2":{"name":"(anonymous_9)","decl":{"start":{"line":49,"column":37},"end":{"line":49,"column":38}},"loc":{"start":{"line":49,"column":47},"end":{"line":49,"column":67}}}},"branchMap":{"0":{"loc":{"start":{"line":40,"column":4},"end":{"line":47,"column":5}},"type":"if","locations":[{"start":{"line":40,"column":4},"end":{"line":47,"column":5}},{"start":{},"end":{}}]},"1":{"loc":{"start":{"line":40,"column":8},"end":{"line":40,"column":27}},"type":"binary-expr","locations":[{"start":{"line":40,"column":8},"end":{"line":40,"column":14}},{"start":{"line":40,"column":18},"end":{"line":40,"column":27}}]},"2":{"loc":{"start":{"line":51,"column":4},"end":{"line":58,"column":5}},"type":"if","locations":[{"start":{"line":51,"column":4},"end":{"line":58,"column":5}},{"start":{},"end":{}}]},"3":{"loc":{"start":{"line":51,"column":8},"end":{"line":51,"column":47}},"type":"binary-expr","locations":[{"start":{"line":51,"column":8},"end":{"line":51,"column":17}},{"start":{"line":51,"column":21},"end":{"line":51,"column":47}}]}},"s":{"0":0,"1":0,"2":0,"3":0,"4":0,"5":0,"6":0,"7":0,"8":0,"9":0,"10":0,"11":0,"12":0,"13":0},"f":{"0":0,"1":0,"2":0},"b":{"0":[0,0],"1":[0,0],"2":[0,0],"3":[0,0]}}
,"D:\\STUDY\\rrc-polytech\\Term 3\\Backend Development\\Module-4\\assignment\\src\\api\\v1\\controllers\\loanController.ts": {"path":"D:\\STUDY\\rrc-polytech\\Term 3\\Backend Development\\Module-4\\assignment\\src\\api\\v1\\controllers\\loanController.ts","statementMap":{"0":{"start":{"line":2,"column":0},"end":{"line":2,"column":56}},"1":{"start":{"line":3,"column":0},"end":{"line":3,"column":58}},"2":{"start":{"line":4,"column":0},"end":{"line":4,"column":49}},"3":{"start":{"line":6,"column":25},"end":{"line":8,"column":1}},"4":{"start":{"line":7,"column":4},"end":{"line":7,"column":87}},"5":{"start":{"line":6,"column":13},"end":{"line":6,"column":25}},"6":{"start":{"line":10,"column":27},"end":{"line":19,"column":1}},"7":{"start":{"line":11,"column":19},"end":{"line":11,"column":29}},"8":{"start":{"line":12,"column":17},"end":{"line":12,"column":53}},"9":{"start":{"line":12,"column":41},"end":{"line":12,"column":52}},"10":{"start":{"line":14,"column":4},"end":{"line":16,"column":5}},"11":{"start":{"line":15,"column":8},"end":{"line":15,"column":101}},"12":{"start":{"line":18,"column":4},"end":{"line":18,"column":79}},"13":{"start":{"line":10,"column":13},"end":{"line":10,"column":27}},"14":{"start":{"line":21,"column":26},"end":{"line":31,"column":1}},"15":{"start":{"line":22,"column":42},"end":{"line":22,"column":50}},"16":{"start":{"line":23,"column":20},"end":{"line":29,"column":6}},"17":{"start":{"line":30,"column":4},"end":{"line":30,"column":92}},"18":{"start":{"line":21,"column":13},"end":{"line":21,"column":26}},"19":{"start":{"line":33,"column":26},"end":{"line":43,"column":1}},"20":{"start":{"line":34,"column":19},"end":{"line":34,"column":29}},"21":{"start":{"line":35,"column":17},"end":{"line":35,"column":53}},"22":{"start":{"line":35,"column":41},"end":{"line":35,"column":52}},"23":{"start":{"line":37,"column":4},"end":{"line":39,"column":5}},"24":{"start":{"line":38,"column":8},"end":{"line":38,"column":101}},"25":{"start":{"line":41,"column":17},"end":{"line":41,"column":48}},"26":{"start":{"line":42,"column":4},"end":{"line":42,"column":80}},"27":{"start":{"line":33,"column":13},"end":{"line":33,"column":26}},"28":{"start":{"line":45,"column":26},"end":{"line":54,"column":1}},"29":{"start":{"line":46,"column":19},"end":{"line":46,"column":29}},"30":{"start":{"line":47,"column":17},"end":{"line":47,"column":53}},"31":{"start":{"line":47,"column":41},"end":{"line":47,"column":52}},"32":{"start":{"line":49,"column":4},"end":{"line":51,"column":5}},"33":{"start":{"line":50,"column":8},"end":{"line":50,"column":101}},"34":{"start":{"line":53,"column":4},"end":{"line":53,"column":79}},"35":{"start":{"line":45,"column":13},"end":{"line":45,"column":26}}},"fnMap":{"0":{"name":"(anonymous_0)","decl":{"start":{"line":6,"column":25},"end":{"line":6,"column":26}},"loc":{"start":{"line":6,"column":63},"end":{"line":8,"column":1}}},"1":{"name":"(anonymous_1)","decl":{"start":{"line":10,"column":27},"end":{"line":10,"column":28}},"loc":{"start":{"line":10,"column":85},"end":{"line":19,"column":1}}},"2":{"name":"(anonymous_2)","decl":{"start":{"line":12,"column":34},"end":{"line":12,"column":35}},"loc":{"start":{"line":12,"column":41},"end":{"line":12,"column":52}}},"3":{"name":"(anonymous_3)","decl":{"start":{"line":21,"column":26},"end":{"line":21,"column":27}},"loc":{"start":{"line":21,"column":64},"end":{"line":31,"column":1}}},"4":{"name":"(anonymous_4)","decl":{"start":{"line":33,"column":26},"end":{"line":33,"column":27}},"loc":{"start":{"line":33,"column":84},"end":{"line":43,"column":1}}},"5":{"name":"(anonymous_5)","decl":{"start":{"line":35,"column":34},"end":{"line":35,"column":35}},"loc":{"start":{"line":35,"column":41},"end":{"line":35,"column":52}}},"6":{"name":"(anonymous_6)","decl":{"start":{"line":45,"column":26},"end":{"line":45,"column":27}},"loc":{"start":{"line":45,"column":84},"end":{"line":54,"column":1}}},"7":{"name":"(anonymous_7)","decl":{"start":{"line":47,"column":34},"end":{"line":47,"column":35}},"loc":{"start":{"line":47,"column":41},"end":{"line":47,"column":52}}}},"branchMap":{"0":{"loc":{"start":{"line":14,"column":4},"end":{"line":16,"column":5}},"type":"if","locations":[{"start":{"line":14,"column":4},"end":{"line":16,"column":5}},{"start":{},"end":{}}]},"1":{"loc":{"start":{"line":27,"column":16},"end":{"line":27,"column":35}},"type":"binary-expr","locations":[{"start":{"line":27,"column":16},"end":{"line":27,"column":22}},{"start":{"line":27,"column":26},"end":{"line":27,"column":35}}]},"2":{"loc":{"start":{"line":37,"column":4},"end":{"line":39,"column":5}},"type":"if","locations":[{"start":{"line":37,"column":4},"end":{"line":39,"column":5}},{"start":{},"end":{}}]},"3":{"loc":{"start":{"line":49,"column":4},"end":{"line":51,"column":5}},"type":"if","locations":[{"start":{"line":49,"column":4},"end":{"line":51,"column":5}},{"start":{},"end":{}}]}},"s":{"0":0,"1":0,"2":0,"3":0,"4":0,"5":0,"6":0,"7":0,"8":0,"9":0,"10":0,"11":0,"12":0,"13":0,"14":0,"15":0,"16":0,"17":0,"18":0,"19":0,"20":0,"21":0,"22":0,"23":0,"24":0,"25":0,"26":0,"27":0,"28":0,"29":0,"30":0,"31":0,"32":0,"33":0,"34":0,"35":0},"f":{"0":0,"1":0,"2":0,"3":0,"4":0,"5":0,"6":0,"7":0},"b":{"0":[0,0],"1":[0,0],"2":[0,0],"3":[0,0]}}
,"D:\\STUDY\\rrc-polytech\\Term 3\\Backend Development\\Module-4\\assignment\\src\\api\\v1\\controllers\\userController.ts": {"path":"D:\\STUDY\\rrc-polytech\\Term 3\\Backend Development\\Module-4\\assignment\\src\\api\\v1\\controllers\\userController.ts","statementMap":{"0":{"start":{"line":3,"column":0},"end":{"line":3,"column":54}},"1":{"start":{"line":4,"column":0},"end":{"line":4,"column":58}},"2":{"start":{"line":6,"column":11},"end":{"line":6,"column":14}},"3":{"start":{"line":8,"column":30},"end":{"line":26,"column":2}},"4":{"start":{"line":12,"column":19},"end":{"line":26,"column":2}},"5":{"start":{"line":13,"column":20},"end":{"line":13,"column":33}},"6":{"start":{"line":14,"column":15},"end":{"line":14,"column":60}},"7":{"start":{"line":16,"column":4},"end":{"line":25,"column":5}},"8":{"start":{"line":17,"column":8},"end":{"line":19,"column":9}},"9":{"start":{"line":18,"column":12},"end":{"line":18,"column":51}},"10":{"start":{"line":21,"column":33},"end":{"line":21,"column":55}},"11":{"start":{"line":22,"column":8},"end":{"line":22,"column":51}},"12":{"start":{"line":24,"column":8},"end":{"line":24,"column":20}},"13":{"start":{"line":8,"column":13},"end":{"line":8,"column":30}}},"fnMap":{"0":{"name":"(anonymous_7)","decl":{"start":{"line":8,"column":30},"end":{"line":8,"column":null}},"loc":{"start":{"line":12,"column":19},"end":{"line":26,"column":2}}},"1":{"name":"(anonymous_8)","decl":{"start":{"line":12,"column":19},"end":{"line":12,"column":null}},"loc":{"start":{"line":12,"column":19},"end":{"line":26,"column":1}}}},"branchMap":{"0":{"loc":{"start":{"line":14,"column":15},"end":{"line":14,"column":60}},"type":"cond-expr","locations":[{"start":{"line":14,"column":40},"end":{"line":14,"column":50}},{"start":{"line":14,"column":53},"end":{"line":14,"column":60}}]},"1":{"loc":{"start":{"line":17,"column":8},"end":{"line":19,"column":9}},"type":"if","locations":[{"start":{"line":17,"column":8},"end":{"line":19,"column":9}},{"start":{},"end":{}}]}},"s":{"0":0,"1":0,"2":0,"3":0,"4":0,"5":0,"6":0,"7":0,"8":0,"9":0,"10":0,"11":0,"12":0,"13":0},"f":{"0":0,"1":0},"b":{"0":[0,0],"1":[0,0]}}
,"D:\\STUDY\\rrc-polytech\\Term 3\\Backend Development\\Module-4\\assignment\\src\\api\\v1\\errors\\errors.ts": {"path":"D:\\STUDY\\rrc-polytech\\Term 3\\Backend Development\\Module-4\\assignment\\src\\api\\v1\\errors\\errors.ts","statementMap":{"0":{"start":{"line":1,"column":0},"end":{"line":1,"column":63}},"1":{"start":{"line":9,"column":8},"end":{"line":9,"column":23}},"2":{"start":{"line":5,"column":15},"end":{"line":5,"column":30}},"3":{"start":{"line":6,"column":15},"end":{"line":6,"column":27}},"4":{"start":{"line":7,"column":15},"end":{"line":7,"column":33}},"5":{"start":{"line":10,"column":8},"end":{"line":10,"column":42}},"6":{"start":{"line":11,"column":8},"end":{"line":11,"column":58}},"7":{"start":{"line":12,"column":8},"end":{"line":12,"column":56}},"8":{"start":{"line":3,"column":0},"end":{"line":3,"column":13}},"9":{"start":{"line":22,"column":8},"end":{"line":22,"column":41}},"10":{"start":{"line":16,"column":0},"end":{"line":16,"column":13}},"11":{"start":{"line":33,"column":8},"end":{"line":33,"column":41}},"12":{"start":{"line":27,"column":0},"end":{"line":27,"column":13}},"13":{"start":{"line":43,"column":8},"end":{"line":43,"column":41}},"14":{"start":{"line":37,"column":0},"end":{"line":37,"column":13}},"15":{"start":{"line":54,"column":8},"end":{"line":54,"column":41}},"16":{"start":{"line":48,"column":0},"end":{"line":48,"column":13}},"17":{"start":{"line":65,"column":8},"end":{"line":65,"column":41}},"18":{"start":{"line":59,"column":0},"end":{"line":59,"column":13}}},"fnMap":{"0":{"name":"(anonymous_0)","decl":{"start":{"line":4,"column":4},"end":{"line":4,"column":null}},"loc":{"start":{"line":7,"column":33},"end":{"line":13,"column":5}}},"1":{"name":"(anonymous_1)","decl":{"start":{"line":17,"column":4},"end":{"line":17,"column":null}},"loc":{"start":{"line":20,"column":53},"end":{"line":23,"column":5}}},"2":{"name":"(anonymous_2)","decl":{"start":{"line":28,"column":4},"end":{"line":28,"column":null}},"loc":{"start":{"line":31,"column":50},"end":{"line":34,"column":5}}},"3":{"name":"(anonymous_3)","decl":{"start":{"line":38,"column":4},"end":{"line":38,"column":null}},"loc":{"start":{"line":41,"column":52},"end":{"line":44,"column":5}}},"4":{"name":"(anonymous_4)","decl":{"start":{"line":49,"column":4},"end":{"line":49,"column":null}},"loc":{"start":{"line":52,"column":50},"end":{"line":55,"column":5}}},"5":{"name":"(anonymous_5)","decl":{"start":{"line":60,"column":4},"end":{"line":60,"column":null}},"loc":{"start":{"line":63,"column":62},"end":{"line":66,"column":5}}}},"branchMap":{"0":{"loc":{"start":{"line":19,"column":8},"end":{"line":19,"column":45}},"type":"default-arg","locations":[{"start":{"line":19,"column":23},"end":{"line":19,"column":45}}]},"1":{"loc":{"start":{"line":20,"column":8},"end":{"line":20,"column":53}},"type":"default-arg","locations":[{"start":{"line":20,"column":29},"end":{"line":20,"column":53}}]},"2":{"loc":{"start":{"line":30,"column":8},"end":{"line":30,"column":44}},"type":"default-arg","locations":[{"start":{"line":30,"column":23},"end":{"line":30,"column":44}}]},"3":{"loc":{"start":{"line":31,"column":8},"end":{"line":31,"column":50}},"type":"default-arg","locations":[{"start":{"line":31,"column":29},"end":{"line":31,"column":50}}]},"4":{"loc":{"start":{"line":40,"column":8},"end":{"line":40,"column":41}},"type":"default-arg","locations":[{"start":{"line":40,"column":23},"end":{"line":40,"column":41}}]},"5":{"loc":{"start":{"line":41,"column":8},"end":{"line":41,"column":52}},"type":"default-arg","locations":[{"start":{"line":41,"column":29},"end":{"line":41,"column":52}}]},"6":{"loc":{"start":{"line":51,"column":8},"end":{"line":51,"column":34}},"type":"default-arg","locations":[{"start":{"line":51,"column":23},"end":{"line":51,"column":34}}]},"7":{"loc":{"start":{"line":52,"column":8},"end":{"line":52,"column":50}},"type":"default-arg","locations":[{"start":{"line":52,"column":29},"end":{"line":52,"column":50}}]},"8":{"loc":{"start":{"line":62,"column":8},"end":{"line":62,"column":37}},"type":"default-arg","locations":[{"start":{"line":62,"column":23},"end":{"line":62,"column":37}}]},"9":{"loc":{"start":{"line":63,"column":8},"end":{"line":63,"column":62}},"type":"default-arg","locations":[{"start":{"line":63,"column":29},"end":{"line":63,"column":62}}]}},"s":{"0":1,"1":11,"2":11,"3":11,"4":11,"5":11,"6":11,"7":11,"8":1,"9":11,"10":1,"11":0,"12":1,"13":0,"14":1,"15":0,"16":1,"17":0,"18":1},"f":{"0":11,"1":11,"2":0,"3":0,"4":0,"5":0},"b":{"0":[0],"1":[11],"2":[0],"3":[0],"4":[0],"5":[0],"6":[0],"7":[0],"8":[0],"9":[0]}}
,"D:\\STUDY\\rrc-polytech\\Term 3\\Backend Development\\Module-4\\assignment\\src\\api\\v1\\middleware\\authenticate.ts": {"path":"D:\\STUDY\\rrc-polytech\\Term 3\\Backend Development\\Module-4\\assignment\\src\\api\\v1\\middleware\\authenticate.ts","statementMap":{"0":{"start":{"line":4,"column":0},"end":{"line":4,"column":55}},"1":{"start":{"line":7,"column":0},"end":{"line":7,"column":54}},"2":{"start":{"line":18,"column":22},"end":{"line":18,"column":72}},"3":{"start":{"line":20,"column":23},"end":{"line":38,"column":1}},"4":{"start":{"line":21,"column":23},"end":{"line":21,"column":69}},"5":{"start":{"line":23,"column":4},"end":{"line":25,"column":5}},"6":{"start":{"line":24,"column":8},"end":{"line":24,"column":20}},"7":{"start":{"line":27,"column":17},"end":{"line":27,"column":42}},"8":{"start":{"line":29,"column":4},"end":{"line":31,"column":5}},"9":{"start":{"line":30,"column":8},"end":{"line":30,"column":20}},"10":{"start":{"line":33,"column":4},"end":{"line":37,"column":6}},"11":{"start":{"line":40,"column":30},"end":{"line":73,"column":1}},"12":{"start":{"line":41,"column":4},"end":{"line":46,"column":5}},"13":{"start":{"line":42,"column":8},"end":{"line":45,"column":10}},"14":{"start":{"line":48,"column":26},"end":{"line":48,"column":52}},"15":{"start":{"line":49,"column":17},"end":{"line":49,"column":41}},"16":{"start":{"line":51,"column":4},"end":{"line":56,"column":5}},"17":{"start":{"line":52,"column":8},"end":{"line":55,"column":10}},"18":{"start":{"line":58,"column":4},"end":{"line":67,"column":5}},"19":{"start":{"line":63,"column":8},"end":{"line":66,"column":10}},"20":{"start":{"line":69,"column":4},"end":{"line":72,"column":6}},"21":{"start":{"line":90,"column":21},"end":{"line":143,"column":2}},"22":{"start":{"line":94,"column":19},"end":{"line":143,"column":2}},"23":{"start":{"line":95,"column":4},"end":{"line":142,"column":5}},"24":{"start":{"line":96,"column":27},"end":{"line":96,"column":52}},"25":{"start":{"line":97,"column":32},"end":{"line":97,"column":78}},"26":{"start":{"line":98,"column":42},"end":{"line":100,"column":23}},"27":{"start":{"line":102,"column":8},"end":{"line":107,"column":9}},"28":{"start":{"line":103,"column":12},"end":{"line":106,"column":14}},"29":{"start":{"line":109,"column":32},"end":{"line":109,"column":53}},"30":{"start":{"line":111,"column":8},"end":{"line":120,"column":9}},"31":{"start":{"line":112,"column":12},"end":{"line":116,"column":14}},"32":{"start":{"line":117,"column":12},"end":{"line":117,"column":49}},"33":{"start":{"line":118,"column":12},"end":{"line":118,"column":51}},"34":{"start":{"line":119,"column":12},"end":{"line":119,"column":26}},"35":{"start":{"line":122,"column":45},"end":{"line":122,"column":76}},"36":{"start":{"line":123,"column":22},"end":{"line":123,"column":61}},"37":{"start":{"line":126,"column":8},"end":{"line":130,"column":10}},"38":{"start":{"line":133,"column":8},"end":{"line":133,"column":42}},"39":{"start":{"line":134,"column":8},"end":{"line":134,"column":31}},"40":{"start":{"line":135,"column":8},"end":{"line":135,"column":22}},"41":{"start":{"line":137,"column":8},"end":{"line":139,"column":9}},"42":{"start":{"line":138,"column":12},"end":{"line":138,"column":31}},"43":{"start":{"line":141,"column":8},"end":{"line":141,"column":50}},"44":{"start":{"line":145,"column":0},"end":{"line":145,"column":28}}},"fnMap":{"0":{"name":"(anonymous_7)","decl":{"start":{"line":20,"column":23},"end":{"line":20,"column":24}},"loc":{"start":{"line":20,"column":65},"end":{"line":38,"column":1}}},"1":{"name":"(anonymous_8)","decl":{"start":{"line":40,"column":30},"end":{"line":40,"column":31}},"loc":{"start":{"line":40,"column":70},"end":{"line":73,"column":1}}},"2":{"name":"(anonymous_9)","decl":{"start":{"line":90,"column":21},"end":{"line":90,"column":null}},"loc":{"start":{"line":94,"column":19},"end":{"line":143,"column":2}}},"3":{"name":"(anonymous_10)","decl":{"start":{"line":94,"column":19},"end":{"line":94,"column":null}},"loc":{"start":{"line":94,"column":19},"end":{"line":143,"column":1}}}},"branchMap":{"0":{"loc":{"start":{"line":23,"column":4},"end":{"line":25,"column":5}},"type":"if","locations":[{"start":{"line":23,"column":4},"end":{"line":25,"column":5}},{"start":{},"end":{}}]},"1":{"loc":{"start":{"line":29,"column":4},"end":{"line":31,"column":5}},"type":"if","locations":[{"start":{"line":29,"column":4},"end":{"line":31,"column":5}},{"start":{},"end":{}}]},"2":{"loc":{"start":{"line":41,"column":4},"end":{"line":46,"column":5}},"type":"if","locations":[{"start":{"line":41,"column":4},"end":{"line":46,"column":5}},{"start":{},"end":{}}]},"3":{"loc":{"start":{"line":49,"column":17},"end":{"line":49,"column":41}},"type":"cond-expr","locations":[{"start":{"line":49,"column":35},"end":{"line":49,"column":39}},{"start":{"line":49,"column":39},"end":{"line":49,"column":41}}]},"4":{"loc":{"start":{"line":49,"column":17},"end":{"line":49,"column":39}},"type":"binary-expr","locations":[{"start":{"line":49,"column":17},"end":{"line":49,"column":39}},{"start":{"line":49,"column":35},"end":{"line":49,"column":39}}]},"5":{"loc":{"start":{"line":51,"column":4},"end":{"line":56,"column":5}},"type":"if","locations":[{"start":{"line":51,"column":4},"end":{"line":56,"column":5}},{"start":{},"end":{}}]},"6":{"loc":{"start":{"line":58,"column":4},"end":{"line":67,"column":5}},"type":"if","locations":[{"start":{"line":58,"column":4},"end":{"line":67,"column":5}},{"start":{},"end":{}}]},"7":{"loc":{"start":{"line":59,"column":8},"end":{"line":61,"column":40}},"type":"binary-expr","locations":[{"start":{"line":59,"column":8},"end":{"line":59,"column":40}},{"start":{"line":60,"column":8},"end":{"line":60,"column":38}},{"start":{"line":61,"column":8},"end":{"line":61,"column":40}}]},"8":{"loc":{"start":{"line":71,"column":8},"end":{"line":71,"column":31}},"type":"binary-expr","locations":[{"start":{"line":71,"column":8},"end":{"line":71,"column":12}},{"start":{"line":71,"column":16},"end":{"line":71,"column":31}}]},"9":{"loc":{"start":{"line":97,"column":32},"end":{"line":97,"column":78}},"type":"binary-expr","locations":[{"start":{"line":97,"column":32},"end":{"line":97,"column":42}},{"start":{"line":97,"column":46},"end":{"line":97,"column":78}}]},"10":{"loc":{"start":{"line":98,"column":42},"end":{"line":100,"column":23}},"type":"cond-expr","locations":[{"start":{"line":99,"column":14},"end":{"line":99,"column":38}},{"start":{"line":100,"column":14},"end":{"line":100,"column":23}}]},"11":{"loc":{"start":{"line":102,"column":8},"end":{"line":107,"column":9}},"type":"if","locations":[{"start":{"line":102,"column":8},"end":{"line":107,"column":9}},{"start":{},"end":{}}]},"12":{"loc":{"start":{"line":102,"column":12},"end":{"line":102,"column":53}},"type":"binary-expr","locations":[{"start":{"line":102,"column":12},"end":{"line":102,"column":23}},{"start":{"line":102,"column":27},"end":{"line":102,"column":43}},{"start":{"line":102,"column":47},"end":{"line":102,"column":53}}]},"13":{"loc":{"start":{"line":111,"column":8},"end":{"line":120,"column":9}},"type":"if","locations":[{"start":{"line":111,"column":8},"end":{"line":120,"column":9}},{"start":{},"end":{}}]},"14":{"loc":{"start":{"line":137,"column":8},"end":{"line":139,"column":9}},"type":"if","locations":[{"start":{"line":137,"column":8},"end":{"line":139,"column":9}},{"start":{},"end":{}}]}},"s":{"0":1,"1":1,"2":1,"3":1,"4":13,"5":13,"6":7,"7":6,"8":6,"9":0,"10":6,"11":1,"12":6,"13":4,"14":2,"15":2,"16":2,"17":0,"18":2,"19":0,"20":2,"21":1,"22":18,"23":18,"24":18,"25":18,"26":18,"27":18,"28":5,"29":13,"30":13,"31":6,"32":6,"33":6,"34":6,"35":7,"36":1,"37":1,"38":1,"39":1,"40":1,"41":11,"42":5,"43":6,"44":1},"f":{"0":13,"1":6,"2":18,"3":18},"b":{"0":[7,6],"1":[0,6],"2":[4,2],"3":[0,2],"4":[2,2],"5":[0,2],"6":[0,2],"7":[2,2,2],"8":[2,2],"9":[18,16],"10":[14,4],"11":[5,13],"12":[18,16,14],"13":[6,7],"14":[5,6]}}
,"D:\\STUDY\\rrc-polytech\\Term 3\\Backend Development\\Module-4\\assignment\\src\\api\\v1\\middleware\\authorize.ts": {"path":"D:\\STUDY\\rrc-polytech\\Term 3\\Backend Development\\Module-4\\assignment\\src\\api\\v1\\middleware\\authorize.ts","statementMap":{"0":{"start":{"line":6,"column":0},"end":{"line":6,"column":54}},"1":{"start":{"line":20,"column":21},"end":{"line":65,"column":1}},"2":{"start":{"line":21,"column":4},"end":{"line":64,"column":6}},"3":{"start":{"line":22,"column":8},"end":{"line":63,"column":9}},"4":{"start":{"line":23,"column":61},"end":{"line":23,"column":71}},"5":{"start":{"line":24,"column":25},"end":{"line":24,"column":48}},"6":{"start":{"line":25,"column":24},"end":{"line":25,"column":45}},"7":{"start":{"line":26,"column":27},"end":{"line":26,"column":37}},"8":{"start":{"line":29,"column":12},"end":{"line":31,"column":13}},"9":{"start":{"line":30,"column":16},"end":{"line":30,"column":30}},"10":{"start":{"line":34,"column":12},"end":{"line":39,"column":13}},"11":{"start":{"line":35,"column":16},"end":{"line":38,"column":18}},"12":{"start":{"line":42,"column":12},"end":{"line":44,"column":13}},"13":{"start":{"line":43,"column":16},"end":{"line":43,"column":30}},"14":{"start":{"line":47,"column":12},"end":{"line":50,"column":14}},"15":{"start":{"line":53,"column":12},"end":{"line":55,"column":13}},"16":{"start":{"line":54,"column":16},"end":{"line":54,"column":35}},"17":{"start":{"line":57,"column":12},"end":{"line":62,"column":14}},"18":{"start":{"line":67,"column":0},"end":{"line":67,"column":28}}},"fnMap":{"0":{"name":"(anonymous_0)","decl":{"start":{"line":20,"column":21},"end":{"line":20,"column":22}},"loc":{"start":{"line":20,"column":52},"end":{"line":65,"column":1}}},"1":{"name":"(anonymous_1)","decl":{"start":{"line":21,"column":11},"end":{"line":21,"column":12}},"loc":{"start":{"line":21,"column":63},"end":{"line":64,"column":5}}}},"branchMap":{"0":{"loc":{"start":{"line":24,"column":25},"end":{"line":24,"column":48}},"type":"cond-expr","locations":[{"start":{"line":24,"column":35},"end":{"line":24,"column":39}},{"start":{"line":24,"column":39},"end":{"line":24,"column":48}}]},"1":{"loc":{"start":{"line":24,"column":25},"end":{"line":24,"column":39}},"type":"binary-expr","locations":[{"start":{"line":24,"column":25},"end":{"line":24,"column":39}},{"start":{"line":24,"column":35},"end":{"line":24,"column":39}}]},"2":{"loc":{"start":{"line":24,"column":25},"end":{"line":24,"column":35}},"type":"cond-expr","locations":[{"start":{"line":24,"column":29},"end":{"line":24,"column":31}},{"start":{"line":24,"column":25},"end":{"line":24,"column":35}}]},"3":{"loc":{"start":{"line":24,"column":25},"end":{"line":24,"column":31}},"type":"binary-expr","locations":[{"start":{"line":24,"column":25},"end":{"line":24,"column":31}},{"start":{"line":24,"column":25},"end":{"line":24,"column":31}}]},"4":{"loc":{"start":{"line":25,"column":24},"end":{"line":25,"column":45}},"type":"cond-expr","locations":[{"start":{"line":25,"column":33},"end":{"line":25,"column":37}},{"start":{"line":25,"column":37},"end":{"line":25,"column":45}}]},"5":{"loc":{"start":{"line":25,"column":24},"end":{"line":25,"column":37}},"type":"binary-expr","locations":[{"start":{"line":25,"column":24},"end":{"line":25,"column":37}},{"start":{"line":25,"column":33},"end":{"line":25,"column":37}}]},"6":{"loc":{"start":{"line":25,"column":24},"end":{"line":25,"column":33}},"type":"cond-expr","locations":[{"start":{"line":25,"column":28},"end":{"line":25,"column":30}},{"start":{"line":25,"column":24},"end":{"line":25,"column":33}}]},"7":{"loc":{"start":{"line":25,"column":24},"end":{"line":25,"column":30}},"type":"binary-expr","locations":[{"start":{"line":25,"column":24},"end":{"line":25,"column":30}},{"start":{"line":25,"column":24},"end":{"line":25,"column":30}}]},"8":{"loc":{"start":{"line":29,"column":12},"end":{"line":31,"column":13}},"type":"if","locations":[{"start":{"line":29,"column":12},"end":{"line":31,"column":13}},{"start":{},"end":{}}]},"9":{"loc":{"start":{"line":29,"column":16},"end":{"line":29,"column":54}},"type":"binary-expr","locations":[{"start":{"line":29,"column":16},"end":{"line":29,"column":34}},{"start":{"line":29,"column":38},"end":{"line":29,"column":40}},{"start":{"line":29,"column":44},"end":{"line":29,"column":54}}]},"10":{"loc":{"start":{"line":34,"column":12},"end":{"line":39,"column":13}},"type":"if","locations":[{"start":{"line":34,"column":12},"end":{"line":39,"column":13}},{"start":{},"end":{}}]},"11":{"loc":{"start":{"line":42,"column":12},"end":{"line":44,"column":13}},"type":"if","locations":[{"start":{"line":42,"column":12},"end":{"line":44,"column":13}},{"start":{},"end":{}}]},"12":{"loc":{"start":{"line":53,"column":12},"end":{"line":55,"column":13}},"type":"if","locations":[{"start":{"line":53,"column":12},"end":{"line":55,"column":13}},{"start":{},"end":{}}]}},"s":{"0":0,"1":0,"2":0,"3":0,"4":0,"5":0,"6":0,"7":0,"8":0,"9":0,"10":0,"11":0,"12":0,"13":0,"14":0,"15":0,"16":0,"17":0,"18":0},"f":{"0":0,"1":0},"b":{"0":[0,0],"1":[0,0],"2":[0,0],"3":[0,0],"4":[0,0],"5":[0,0],"6":[0,0],"7":[0,0],"8":[0,0],"9":[0,0,0],"10":[0,0],"11":[0,0],"12":[0,0]}}
,"D:\\STUDY\\rrc-polytech\\Term 3\\Backend Development\\Module-4\\assignment\\src\\api\\v1\\middleware\\errorHandler.ts": {"path":"D:\\STUDY\\rrc-polytech\\Term 3\\Backend Development\\Module-4\\assignment\\src\\api\\v1\\middleware\\errorHandler.ts","statementMap":{"0":{"start":{"line":2,"column":0},"end":{"line":2,"column":44}},"1":{"start":{"line":3,"column":0},"end":{"line":3,"column":63}},"2":{"start":{"line":4,"column":0},"end":{"line":4,"column":56}},"3":{"start":{"line":22,"column":21},"end":{"line":52,"column":1}},"4":{"start":{"line":28,"column":4},"end":{"line":34,"column":5}},"5":{"start":{"line":29,"column":8},"end":{"line":29,"column":65}},"6":{"start":{"line":30,"column":8},"end":{"line":32,"column":10}},"7":{"start":{"line":33,"column":8},"end":{"line":33,"column":15}},"8":{"start":{"line":36,"column":20},"end":{"line":36,"column":54}},"9":{"start":{"line":37,"column":4},"end":{"line":37,"column":57}},"10":{"start":{"line":39,"column":4},"end":{"line":41,"column":5}},"11":{"start":{"line":40,"column":8},"end":{"line":40,"column":45}},"12":{"start":{"line":43,"column":4},"end":{"line":51,"column":5}},"13":{"start":{"line":45,"column":8},"end":{"line":45,"column":78}},"14":{"start":{"line":48,"column":8},"end":{"line":50,"column":10}},"15":{"start":{"line":54,"column":0},"end":{"line":54,"column":28}}},"fnMap":{"0":{"name":"(anonymous_0)","decl":{"start":{"line":22,"column":21},"end":{"line":22,"column":null}},"loc":{"start":{"line":27,"column":10},"end":{"line":52,"column":1}}}},"branchMap":{"0":{"loc":{"start":{"line":28,"column":4},"end":{"line":34,"column":5}},"type":"if","locations":[{"start":{"line":28,"column":4},"end":{"line":34,"column":5}},{"start":{},"end":{}}]},"1":{"loc":{"start":{"line":39,"column":4},"end":{"line":41,"column":5}},"type":"if","locations":[{"start":{"line":39,"column":4},"end":{"line":41,"column":5}},{"start":{},"end":{}}]},"2":{"loc":{"start":{"line":43,"column":4},"end":{"line":51,"column":5}},"type":"if","locations":[{"start":{"line":43,"column":4},"end":{"line":51,"column":5}},{"start":{"line":46,"column":11},"end":{"line":51,"column":5}}]}},"s":{"0":0,"1":0,"2":0,"3":0,"4":0,"5":0,"6":0,"7":0,"8":0,"9":0,"10":0,"11":0,"12":0,"13":0,"14":0,"15":0},"f":{"0":0},"b":{"0":[0,0],"1":[0,0],"2":[0,0]}}
,"D:\\STUDY\\rrc-polytech\\Term 3\\Backend Development\\Module-4\\assignment\\src\\api\\v1\\middleware\\logger.ts": {"path":"D:\\STUDY\\rrc-polytech\\Term 3\\Backend Development\\Module-4\\assignment\\src\\api\\v1\\middleware\\logger.ts","statementMap":{"0":{"start":{"line":1,"column":0},"end":{"line":1,"column":47}},"1":{"start":{"line":2,"column":0},"end":{"line":2,"column":20}},"2":{"start":{"line":3,"column":0},"end":{"line":3,"column":24}},"3":{"start":{"line":6,"column":16},"end":{"line":6,"column":53}},"4":{"start":{"line":7,"column":0},"end":{"line":9,"column":1}},"5":{"start":{"line":8,"column":4},"end":{"line":8,"column":47}},"6":{"start":{"line":12,"column":24},"end":{"line":14,"column":2}},"7":{"start":{"line":17,"column":38},"end":{"line":20,"column":2}},"8":{"start":{"line":19,"column":8},"end":{"line":19,"column":67}},"9":{"start":{"line":23,"column":21},"end":{"line":23,"column":68}},"10":{"start":{"line":34,"column":9},"end":{"line":34,"column":21}},"11":{"start":{"line":26,"column":20},"end":{"line":29,"column":2}},"12":{"start":{"line":28,"column":24},"end":{"line":28,"column":44}},"13":{"start":{"line":34,"column":23},"end":{"line":34,"column":34}},"14":{"start":{"line":32,"column":22},"end":{"line":32,"column":35}},"15":{"start":{"line":34,"column":36},"end":{"line":34,"column":49}}},"fnMap":{"0":{"name":"(anonymous_1)","decl":{"start":{"line":18,"column":11},"end":{"line":18,"column":12}},"loc":{"start":{"line":19,"column":8},"end":{"line":19,"column":67}}},"1":{"name":"(anonymous_2)","decl":{"start":{"line":28,"column":10},"end":{"line":28,"column":11}},"loc":{"start":{"line":28,"column":24},"end":{"line":28,"column":44}}}},"branchMap":{"0":{"loc":{"start":{"line":7,"column":0},"end":{"line":9,"column":1}},"type":"if","locations":[{"start":{"line":7,"column":0},"end":{"line":9,"column":1}},{"start":{},"end":{}}]}},"s":{"0":0,"1":0,"2":0,"3":0,"4":0,"5":0,"6":0,"7":0,"8":0,"9":0,"10":0,"11":0,"12":0,"13":0,"14":0,"15":0},"f":{"0":0,"1":0},"b":{"0":[0,0]}}
,"D:\\STUDY\\rrc-polytech\\Term 3\\Backend Development\\Module-4\\assignment\\src\\api\\v1\\middleware\\requireAdmin.ts": {"path":"D:\\STUDY\\rrc-polytech\\Term 3\\Backend Development\\Module-4\\assignment\\src\\api\\v1\\middleware\\requireAdmin.ts","statementMap":{"0":{"start":{"line":2,"column":0},"end":{"line":2,"column":54}},"1":{"start":{"line":3,"column":0},"end":{"line":3,"column":56}},"2":{"start":{"line":5,"column":28},"end":{"line":25,"column":2}},"3":{"start":{"line":5,"column":86},"end":{"line":25,"column":2}},"4":{"start":{"line":6,"column":4},"end":{"line":24,"column":5}},"5":{"start":{"line":7,"column":23},"end":{"line":7,"column":54}},"6":{"start":{"line":8,"column":22},"end":{"line":8,"column":77}},"7":{"start":{"line":10,"column":8},"end":{"line":12,"column":9}},"8":{"start":{"line":11,"column":12},"end":{"line":11,"column":101}},"9":{"start":{"line":14,"column":29},"end":{"line":14,"column":60}},"10":{"start":{"line":16,"column":8},"end":{"line":18,"column":9}},"11":{"start":{"line":17,"column":12},"end":{"line":17,"column":110}},"12":{"start":{"line":20,"column":8},"end":{"line":20,"column":47}},"13":{"start":{"line":21,"column":8},"end":{"line":21,"column":15}},"14":{"start":{"line":23,"column":8},"end":{"line":23,"column":101}},"15":{"start":{"line":5,"column":13},"end":{"line":5,"column":28}}},"fnMap":{"0":{"name":"(anonymous_7)","decl":{"start":{"line":5,"column":28},"end":{"line":5,"column":35}},"loc":{"start":{"line":5,"column":86},"end":{"line":25,"column":2}}},"1":{"name":"(anonymous_8)","decl":{"start":{"line":5,"column":86},"end":{"line":5,"column":null}},"loc":{"start":{"line":5,"column":86},"end":{"line":25,"column":1}}}},"branchMap":{"0":{"loc":{"start":{"line":7,"column":23},"end":{"line":7,"column":54}},"type":"cond-expr","locations":[{"start":{"line":7,"column":48},"end":{"line":7,"column":52}},{"start":{"line":7,"column":52},"end":{"line":7,"column":54}}]},"1":{"loc":{"start":{"line":7,"column":23},"end":{"line":7,"column":52}},"type":"binary-expr","locations":[{"start":{"line":7,"column":23},"end":{"line":7,"column":52}},{"start":{"line":7,"column":48},"end":{"line":7,"column":52}}]},"2":{"loc":{"start":{"line":8,"column":22},"end":{"line":8,"column":77}},"type":"cond-expr","locations":[{"start":{"line":8,"column":53},"end":{"line":8,"column":72}},{"start":{"line":8,"column":75},"end":{"line":8,"column":77}}]},"3":{"loc":{"start":{"line":10,"column":8},"end":{"line":12,"column":9}},"type":"if","locations":[{"start":{"line":10,"column":8},"end":{"line":12,"column":9}},{"start":{},"end":{}}]},"4":{"loc":{"start":{"line":16,"column":8},"end":{"line":18,"column":9}},"type":"if","locations":[{"start":{"line":16,"column":8},"end":{"line":18,"column":9}},{"start":{},"end":{}}]}},"s":{"0":0,"1":0,"2":0,"3":0,"4":0,"5":0,"6":0,"7":0,"8":0,"9":0,"10":0,"11":0,"12":0,"13":0,"14":0,"15":0},"f":{"0":0,"1":0},"b":{"0":[0,0],"1":[0,0],"2":[0,0],"3":[0,0],"4":[0,0]}}
,"D:\\STUDY\\rrc-polytech\\Term 3\\Backend Development\\Module-4\\assignment\\src\\api\\v1\\models\\responseModel.ts": {"path":"D:\\STUDY\\rrc-polytech\\Term 3\\Backend Development\\Module-4\\assignment\\src\\api\\v1\\models\\responseModel.ts","statementMap":{"0":{"start":{"line":9,"column":29},"end":{"line":16,"column":2}},"1":{"start":{"line":9,"column":65},"end":{"line":16,"column":2}},"2":{"start":{"line":9,"column":13},"end":{"line":9,"column":29}},"3":{"start":{"line":21,"column":31},"end":{"line":26,"column":2}},"4":{"start":{"line":21,"column":66},"end":{"line":26,"column":2}},"5":{"start":{"line":21,"column":13},"end":{"line":21,"column":31}}},"fnMap":{"0":{"name":"(anonymous_0)","decl":{"start":{"line":9,"column":29},"end":{"line":9,"column":30}},"loc":{"start":{"line":9,"column":65},"end":{"line":16,"column":2}}},"1":{"name":"(anonymous_1)","decl":{"start":{"line":21,"column":31},"end":{"line":21,"column":35}},"loc":{"start":{"line":21,"column":66},"end":{"line":26,"column":2}}}},"branchMap":{},"s":{"0":0,"1":0,"2":0,"3":0,"4":0,"5":0},"f":{"0":0,"1":0},"b":{}}
,"D:\\STUDY\\rrc-polytech\\Term 3\\Backend Development\\Module-4\\assignment\\src\\api\\v1\\routes\\adminRoutes.ts": {"path":"D:\\STUDY\\rrc-polytech\\Term 3\\Backend Development\\Module-4\\assignment\\src\\api\\v1\\routes\\adminRoutes.ts","statementMap":{"0":{"start":{"line":1,"column":0},"end":{"line":1,"column":30}},"1":{"start":{"line":2,"column":0},"end":{"line":2,"column":65}},"2":{"start":{"line":3,"column":0},"end":{"line":3,"column":51}},"3":{"start":{"line":5,"column":31},"end":{"line":5,"column":47}},"4":{"start":{"line":7,"column":0},"end":{"line":11,"column":2}},"5":{"start":{"line":13,"column":0},"end":{"line":13,"column":22}}},"fnMap":{},"branchMap":{},"s":{"0":0,"1":0,"2":0,"3":0,"4":0,"5":0},"f":{},"b":{}}
,"D:\\STUDY\\rrc-polytech\\Term 3\\Backend Development\\Module-4\\assignment\\src\\api\\v1\\routes\\authRoutes.ts": {"path":"D:\\STUDY\\rrc-polytech\\Term 3\\Backend Development\\Module-4\\assignment\\src\\api\\v1\\routes\\authRoutes.ts","statementMap":{"0":{"start":{"line":1,"column":0},"end":{"line":1,"column":42}},"1":{"start":{"line":2,"column":0},"end":{"line":2,"column":55}},"2":{"start":{"line":4,"column":23},"end":{"line":4,"column":39}},"3":{"start":{"line":6,"column":0},"end":{"line":6,"column":31}},"4":{"start":{"line":8,"column":0},"end":{"line":8,"column":22}}},"fnMap":{},"branchMap":{},"s":{"0":0,"1":0,"2":0,"3":0,"4":0},"f":{},"b":{}}
,"D:\\STUDY\\rrc-polytech\\Term 3\\Backend Development\\Module-4\\assignment\\src\\api\\v1\\routes\\loanRoutes.ts": {"path":"D:\\STUDY\\rrc-polytech\\Term 3\\Backend Development\\Module-4\\assignment\\src\\api\\v1\\routes\\loanRoutes.ts","statementMap":{"0":{"start":{"line":1,"column":0},"end":{"line":1,"column":42}},"1":{"start":{"line":2,"column":0},"end":{"line":2,"column":null}},"2":{"start":{"line":9,"column":0},"end":{"line":9,"column":51}},"3":{"start":{"line":11,"column":23},"end":{"line":11,"column":39}},"4":{"start":{"line":13,"column":0},"end":{"line":13,"column":87}},"5":{"start":{"line":14,"column":0},"end":{"line":14,"column":92}},"6":{"start":{"line":15,"column":0},"end":{"line":15,"column":78}},"7":{"start":{"line":16,"column":0},"end":{"line":16,"column":80}},"8":{"start":{"line":17,"column":0},"end":{"line":17,"column":72}},"9":{"start":{"line":19,"column":0},"end":{"line":19,"column":22}}},"fnMap":{},"branchMap":{},"s":{"0":0,"1":0,"2":0,"3":0,"4":0,"5":0,"6":0,"7":0,"8":0,"9":0},"f":{},"b":{}}
,"D:\\STUDY\\rrc-polytech\\Term 3\\Backend Development\\Module-4\\assignment\\src\\api\\v1\\routes\\userRoutes.ts": {"path":"D:\\STUDY\\rrc-polytech\\Term 3\\Backend Development\\Module-4\\assignment\\src\\api\\v1\\routes\\userRoutes.ts","statementMap":{"0":{"start":{"line":1,"column":0},"end":{"line":1,"column":42}},"1":{"start":{"line":2,"column":0},"end":{"line":2,"column":63}},"2":{"start":{"line":3,"column":0},"end":{"line":3,"column":51}},"3":{"start":{"line":5,"column":23},"end":{"line":5,"column":39}},"4":{"start":{"line":7,"column":0},"end":{"line":7,"column":73}},"5":{"start":{"line":9,"column":0},"end":{"line":9,"column":22}}},"fnMap":{},"branchMap":{},"s":{"0":0,"1":0,"2":0,"3":0,"4":0,"5":0},"f":{},"b":{}}
,"D:\\STUDY\\rrc-polytech\\Term 3\\Backend Development\\Module-4\\assignment\\src\\api\\v1\\utils\\errorUtils.ts": {"path":"D:\\STUDY\\rrc-polytech\\Term 3\\Backend Development\\Module-4\\assignment\\src\\api\\v1\\utils\\errorUtils.ts","statementMap":{"0":{"start":{"line":6,"column":31},"end":{"line":11,"column":1}},"1":{"start":{"line":7,"column":4},"end":{"line":9,"column":5}},"2":{"start":{"line":8,"column":8},"end":{"line":8,"column":29}},"3":{"start":{"line":10,"column":4},"end":{"line":10,"column":25}},"4":{"start":{"line":6,"column":13},"end":{"line":6,"column":31}},"5":{"start":{"line":18,"column":28},"end":{"line":25,"column":1}},"6":{"start":{"line":19,"column":4},"end":{"line":23,"column":5}},"7":{"start":{"line":21,"column":30},"end":{"line":21,"column":42}},"8":{"start":{"line":22,"column":8},"end":{"line":22,"column":53}},"9":{"start":{"line":24,"column":4},"end":{"line":24,"column":27}},"10":{"start":{"line":18,"column":13},"end":{"line":18,"column":28}}},"fnMap":{"0":{"name":"(anonymous_0)","decl":{"start":{"line":6,"column":31},"end":{"line":6,"column":32}},"loc":{"start":{"line":6,"column":58},"end":{"line":11,"column":1}}},"1":{"name":"(anonymous_1)","decl":{"start":{"line":18,"column":28},"end":{"line":18,"column":29}},"loc":{"start":{"line":18,"column":55},"end":{"line":25,"column":1}}}},"branchMap":{"0":{"loc":{"start":{"line":7,"column":4},"end":{"line":9,"column":5}},"type":"if","locations":[{"start":{"line":7,"column":4},"end":{"line":9,"column":5}},{"start":{},"end":{}}]},"1":{"loc":{"start":{"line":19,"column":4},"end":{"line":23,"column":5}},"type":"if","locations":[{"start":{"line":19,"column":4},"end":{"line":23,"column":5}},{"start":{},"end":{}}]},"2":{"loc":{"start":{"line":22,"column":15},"end":{"line":22,"column":52}},"type":"binary-expr","locations":[{"start":{"line":22,"column":15},"end":{"line":22,"column":33}},{"start":{"line":22,"column":37},"end":{"line":22,"column":52}}]}},"s":{"0":0,"1":0,"2":0,"3":0,"4":0,"5":0,"6":0,"7":0,"8":0,"9":0,"10":0},"f":{"0":0,"1":0},"b":{"0":[0,0],"1":[0,0],"2":[0,0]}}
,"D:\\STUDY\\rrc-polytech\\Term 3\\Backend Development\\Module-4\\assignment\\src\\config\\firebaseConfig.ts": {"path":"D:\\STUDY\\rrc-polytech\\Term 3\\Backend Development\\Module-4\\assignment\\src\\config\\firebaseConfig.ts","statementMap":{"0":{"start":{"line":1,"column":0},"end":{"line":1,"column":73}},"1":{"start":{"line":2,"column":0},"end":{"line":2,"column":52}},"2":{"start":{"line":3,"column":0},"end":{"line":3,"column":67}},"3":{"start":{"line":4,"column":0},"end":{"line":4,"column":61}},"4":{"start":{"line":6,"column":0},"end":{"line":8,"column":3}},"5":{"start":{"line":10,"column":19},"end":{"line":10,"column":28}},"6":{"start":{"line":14,"column":9},"end":{"line":14,"column":13}},"7":{"start":{"line":12,"column":22},"end":{"line":12,"column":36}},"8":{"start":{"line":14,"column":15},"end":{"line":14,"column":17}}},"fnMap":{},"branchMap":{},"s":{"0":1,"1":1,"2":1,"3":1,"4":1,"5":1,"6":1,"7":1,"8":1},"f":{},"b":{}}
,"D:\\STUDY\\rrc-polytech\\Term 3\\Backend Development\\Module-4\\assignment\\src\\constants\\httpConstants.ts": {"path":"D:\\STUDY\\rrc-polytech\\Term 3\\Backend Development\\Module-4\\assignment\\src\\constants\\httpConstants.ts","statementMap":{"0":{"start":{"line":4,"column":13},"end":{"line":16,"column":11}}},"fnMap":{},"branchMap":{},"s":{"0":1},"f":{},"b":{}}
,"D:\\STUDY\\rrc-polytech\\Term 3\\Backend Development\\Module-4\\assignment\\src\\data\\sampleLoans.ts": {"path":"D:\\STUDY\\rrc-polytech\\Term 3\\Backend Development\\Module-4\\assignment\\src\\data\\sampleLoans.ts","statementMap":{"0":{"start":{"line":13,"column":13},"end":{"line":42,"column":2}}},"fnMap":{},"branchMap":{},"s":{"0":0},"f":{},"b":{}}
}
